<?xml version="1.0" encoding="UTF-8"?>
<!-- Generated by org.testng.reporters.JUnitXMLReporter -->
<testsuite hostname="msankarganesh" ignored="0" name="Default test" tests="3" failures="0" timestamp="20 Nov 2017 05:47:31 GMT" time="52.688" errors="0">
  <testcase name="login" time="11.904" classname="testCases.TC003_CreateLead"/>
  <testcase name="login" time="11.15" classname="testCases.TC003_CreateLead"/>
  <testcase name="login" time="11.264" classname="testCases.TC003_CreateLead"/>
</testsuite> <!-- Default test -->
