<?xml version="1.0" encoding="UTF-8"?>
<testng-results skipped="0" failed="0" ignored="0" total="3" passed="3">
  <reporter-output>
  </reporter-output>
  <suite name="Default suite" duration-ms="52688" started-at="2017-11-20T05:46:38Z" finished-at="2017-11-20T05:47:31Z">
    <groups>
    </groups>
    <test name="Default test" duration-ms="52688" started-at="2017-11-20T05:46:38Z" finished-at="2017-11-20T05:47:31Z">
      <class name="testCases.TC003_CreateLead">
        <test-method status="PASS" signature="beforeSuite()[pri:0, instance:testCases.TC003_CreateLead@25a98f]" name="beforeSuite" is-config="true" duration-ms="315" started-at="2017-11-20T11:16:38Z" finished-at="2017-11-20T11:16:38Z">
          <reporter-output>
          </reporter-output>
        </test-method> <!-- beforeSuite -->
        <test-method status="PASS" signature="beforeTest()[pri:0, instance:testCases.TC003_CreateLead@25a98f]" name="beforeTest" is-config="true" duration-ms="0" started-at="2017-11-20T11:16:38Z" finished-at="2017-11-20T11:16:38Z">
          <reporter-output>
          </reporter-output>
        </test-method> <!-- beforeTest -->
        <test-method status="PASS" signature="setData()[pri:0, instance:testCases.TC003_CreateLead@25a98f]" name="setData" is-config="true" duration-ms="0" started-at="2017-11-20T11:16:38Z" finished-at="2017-11-20T11:16:38Z">
          <reporter-output>
          </reporter-output>
        </test-method> <!-- setData -->
        <test-method status="PASS" signature="beforeMethod()[pri:0, instance:testCases.TC003_CreateLead@25a98f]" name="beforeMethod" is-config="true" duration-ms="6012" started-at="2017-11-20T11:16:39Z" finished-at="2017-11-20T11:16:45Z">
          <reporter-output>
          </reporter-output>
        </test-method> <!-- beforeMethod -->
        <test-method status="PASS" signature="login(java.lang.String, java.lang.String, java.lang.String, java.lang.String, java.lang.String, java.lang.String)[pri:0, instance:testCases.TC003_CreateLead@25a98f]" name="login" duration-ms="11904" started-at="2017-11-20T11:16:45Z" data-provider="fetchData" finished-at="2017-11-20T11:16:57Z">
          <params>
            <param index="0">
              <value>
                <![CDATA[DemoSalesManager]]>
              </value>
            </param>
            <param index="1">
              <value>
                <![CDATA[crmsfa]]>
              </value>
            </param>
            <param index="2">
              <value>
                <![CDATA[Sterling Software Pvt Ltd]]>
              </value>
            </param>
            <param index="3">
              <value>
                <![CDATA[Sankar Ganesh]]>
              </value>
            </param>
            <param index="4">
              <value>
                <![CDATA[Mani]]>
              </value>
            </param>
            <param index="5">
              <value>
                <![CDATA[Sterling Software Pvt Ltd]]>
              </value>
            </param>
          </params>
          <reporter-output>
          </reporter-output>
        </test-method> <!-- login -->
        <test-method status="PASS" signature="afterMethod()[pri:0, instance:testCases.TC003_CreateLead@25a98f]" name="afterMethod" is-config="true" duration-ms="611" started-at="2017-11-20T11:16:57Z" finished-at="2017-11-20T11:16:57Z">
          <reporter-output>
          </reporter-output>
        </test-method> <!-- afterMethod -->
        <test-method status="PASS" signature="beforeMethod()[pri:0, instance:testCases.TC003_CreateLead@25a98f]" name="beforeMethod" is-config="true" duration-ms="5081" started-at="2017-11-20T11:16:57Z" finished-at="2017-11-20T11:17:02Z">
          <reporter-output>
          </reporter-output>
        </test-method> <!-- beforeMethod -->
        <test-method status="PASS" signature="login(java.lang.String, java.lang.String, java.lang.String, java.lang.String, java.lang.String, java.lang.String)[pri:0, instance:testCases.TC003_CreateLead@25a98f]" name="login" duration-ms="11150" started-at="2017-11-20T11:17:02Z" data-provider="fetchData" finished-at="2017-11-20T11:17:14Z">
          <params>
            <param index="0">
              <value>
                <![CDATA[DemoSalesManager]]>
              </value>
            </param>
            <param index="1">
              <value>
                <![CDATA[crmsfa]]>
              </value>
            </param>
            <param index="2">
              <value>
                <![CDATA[Wipro]]>
              </value>
            </param>
            <param index="3">
              <value>
                <![CDATA[Nagaraj]]>
              </value>
            </param>
            <param index="4">
              <value>
                <![CDATA[G]]>
              </value>
            </param>
            <param index="5">
              <value>
                <![CDATA[Wipro]]>
              </value>
            </param>
          </params>
          <reporter-output>
          </reporter-output>
        </test-method> <!-- login -->
        <test-method status="PASS" signature="afterMethod()[pri:0, instance:testCases.TC003_CreateLead@25a98f]" name="afterMethod" is-config="true" duration-ms="603" started-at="2017-11-20T11:17:14Z" finished-at="2017-11-20T11:17:14Z">
          <reporter-output>
          </reporter-output>
        </test-method> <!-- afterMethod -->
        <test-method status="PASS" signature="beforeMethod()[pri:0, instance:testCases.TC003_CreateLead@25a98f]" name="beforeMethod" is-config="true" duration-ms="5051" started-at="2017-11-20T11:17:14Z" finished-at="2017-11-20T11:17:19Z">
          <reporter-output>
          </reporter-output>
        </test-method> <!-- beforeMethod -->
        <test-method status="PASS" signature="login(java.lang.String, java.lang.String, java.lang.String, java.lang.String, java.lang.String, java.lang.String)[pri:0, instance:testCases.TC003_CreateLead@25a98f]" name="login" duration-ms="11264" started-at="2017-11-20T11:17:19Z" data-provider="fetchData" finished-at="2017-11-20T11:17:30Z">
          <params>
            <param index="0">
              <value>
                <![CDATA[DemoSalesManager]]>
              </value>
            </param>
            <param index="1">
              <value>
                <![CDATA[crmsfa]]>
              </value>
            </param>
            <param index="2">
              <value>
                <![CDATA[Infosys]]>
              </value>
            </param>
            <param index="3">
              <value>
                <![CDATA[Kumar]]>
              </value>
            </param>
            <param index="4">
              <value>
                <![CDATA[T]]>
              </value>
            </param>
            <param index="5">
              <value>
                <![CDATA[Infosys]]>
              </value>
            </param>
          </params>
          <reporter-output>
          </reporter-output>
        </test-method> <!-- login -->
        <test-method status="PASS" signature="afterMethod()[pri:0, instance:testCases.TC003_CreateLead@25a98f]" name="afterMethod" is-config="true" duration-ms="611" started-at="2017-11-20T11:17:30Z" finished-at="2017-11-20T11:17:31Z">
          <reporter-output>
          </reporter-output>
        </test-method> <!-- afterMethod -->
        <test-method status="PASS" signature="afterTest()[pri:0, instance:testCases.TC003_CreateLead@25a98f]" name="afterTest" is-config="true" duration-ms="1" started-at="2017-11-20T11:17:31Z" finished-at="2017-11-20T11:17:31Z">
          <reporter-output>
          </reporter-output>
        </test-method> <!-- afterTest -->
        <test-method status="PASS" signature="afterSuite()[pri:0, instance:testCases.TC003_CreateLead@25a98f]" name="afterSuite" is-config="true" duration-ms="380" started-at="2017-11-20T11:17:31Z" finished-at="2017-11-20T11:17:31Z">
          <reporter-output>
          </reporter-output>
        </test-method> <!-- afterSuite -->
      </class> <!-- testCases.TC003_CreateLead -->
    </test> <!-- Default test -->
  </suite> <!-- Default suite -->
</testng-results>
